[2024-03-17T01:33:57.549+0000] {taskinstance.py:1083} INFO - Dependencies all met for <TaskInstance: Airflow_Lab2.my_trigger_task manual__2024-03-17T01:33:34.869581+00:00 [queued]>
[2024-03-17T01:33:57.555+0000] {taskinstance.py:1083} INFO - Dependencies all met for <TaskInstance: Airflow_Lab2.my_trigger_task manual__2024-03-17T01:33:34.869581+00:00 [queued]>
[2024-03-17T01:33:57.555+0000] {taskinstance.py:1279} INFO - 
--------------------------------------------------------------------------------
[2024-03-17T01:33:57.555+0000] {taskinstance.py:1280} INFO - Starting attempt 1 of 1
[2024-03-17T01:33:57.556+0000] {taskinstance.py:1281} INFO - 
--------------------------------------------------------------------------------
[2024-03-17T01:33:57.563+0000] {taskinstance.py:1300} INFO - Executing <Task(TriggerDagRunOperator): my_trigger_task> on 2024-03-17 01:33:34.869581+00:00
[2024-03-17T01:33:57.568+0000] {standard_task_runner.py:55} INFO - Started process 2313 to run task
[2024-03-17T01:33:57.570+0000] {standard_task_runner.py:82} INFO - Running: ['***', 'tasks', 'run', 'Airflow_Lab2', 'my_trigger_task', 'manual__2024-03-17T01:33:34.869581+00:00', '--job-id', '74', '--raw', '--subdir', 'DAGS_FOLDER/main.py', '--cfg-path', '/tmp/tmpls6bgo23']
[2024-03-17T01:33:57.572+0000] {standard_task_runner.py:83} INFO - Job 74: Subtask my_trigger_task
[2024-03-17T01:33:57.608+0000] {task_command.py:388} INFO - Running <TaskInstance: Airflow_Lab2.my_trigger_task manual__2024-03-17T01:33:34.869581+00:00 [running]> on host 3dffa19c86ca
[2024-03-17T01:33:57.654+0000] {taskinstance.py:1509} INFO - Exporting the following env vars:
AIRFLOW_CTX_DAG_OWNER=***
AIRFLOW_CTX_DAG_ID=Airflow_Lab2
AIRFLOW_CTX_TASK_ID=my_trigger_task
AIRFLOW_CTX_EXECUTION_DATE=2024-03-17T01:33:34.869581+00:00
AIRFLOW_CTX_TRY_NUMBER=1
AIRFLOW_CTX_DAG_RUN_ID=manual__2024-03-17T01:33:34.869581+00:00
[2024-03-17T01:33:57.704+0000] {taskinstance.py:1323} INFO - Marking task as SUCCESS. dag_id=Airflow_Lab2, task_id=my_trigger_task, execution_date=20240317T013334, start_date=20240317T013357, end_date=20240317T013357
[2024-03-17T01:33:57.750+0000] {local_task_job.py:208} INFO - Task exited with return code 0
[2024-03-17T01:33:57.764+0000] {taskinstance.py:2578} INFO - 0 downstream tasks scheduled from follow-on schedule check
