[2024-03-17T01:29:16.023+0000] {taskinstance.py:1083} INFO - Dependencies all met for <TaskInstance: Airflow_Lab2.task_using_linked_owner manual__2024-03-17T01:29:13.341956+00:00 [queued]>
[2024-03-17T01:29:16.030+0000] {taskinstance.py:1083} INFO - Dependencies all met for <TaskInstance: Airflow_Lab2.task_using_linked_owner manual__2024-03-17T01:29:13.341956+00:00 [queued]>
[2024-03-17T01:29:16.030+0000] {taskinstance.py:1279} INFO - 
--------------------------------------------------------------------------------
[2024-03-17T01:29:16.030+0000] {taskinstance.py:1280} INFO - Starting attempt 1 of 1
[2024-03-17T01:29:16.031+0000] {taskinstance.py:1281} INFO - 
--------------------------------------------------------------------------------
[2024-03-17T01:29:16.043+0000] {taskinstance.py:1300} INFO - Executing <Task(BashOperator): task_using_linked_owner> on 2024-03-17 01:29:13.341956+00:00
[2024-03-17T01:29:16.062+0000] {standard_task_runner.py:55} INFO - Started process 1991 to run task
[2024-03-17T01:29:16.066+0000] {standard_task_runner.py:82} INFO - Running: ['***', 'tasks', 'run', 'Airflow_Lab2', 'task_using_linked_owner', 'manual__2024-03-17T01:29:13.341956+00:00', '--job-id', '58', '--raw', '--subdir', 'DAGS_FOLDER/main.py', '--cfg-path', '/tmp/tmp0731iytt']
[2024-03-17T01:29:16.068+0000] {standard_task_runner.py:83} INFO - Job 58: Subtask task_using_linked_owner
[2024-03-17T01:29:16.117+0000] {task_command.py:388} INFO - Running <TaskInstance: Airflow_Lab2.task_using_linked_owner manual__2024-03-17T01:29:13.341956+00:00 [running]> on host 3dffa19c86ca
[2024-03-17T01:29:16.221+0000] {taskinstance.py:1509} INFO - Exporting the following env vars:
AIRFLOW_CTX_DAG_OWNER=Vishesh Gupta
AIRFLOW_CTX_DAG_ID=Airflow_Lab2
AIRFLOW_CTX_TASK_ID=task_using_linked_owner
AIRFLOW_CTX_EXECUTION_DATE=2024-03-17T01:29:13.341956+00:00
AIRFLOW_CTX_TRY_NUMBER=1
AIRFLOW_CTX_DAG_RUN_ID=manual__2024-03-17T01:29:13.341956+00:00
[2024-03-17T01:29:16.336+0000] {subprocess.py:63} INFO - Tmp dir root location: 
 /tmp
[2024-03-17T01:29:16.361+0000] {subprocess.py:75} INFO - Running command: ['/bin/bash', '-c', 'echo 1']
[2024-03-17T01:29:16.498+0000] {subprocess.py:86} INFO - Output:
[2024-03-17T01:29:16.507+0000] {subprocess.py:93} INFO - 1
[2024-03-17T01:29:16.513+0000] {subprocess.py:97} INFO - Command exited with return code 0
[2024-03-17T01:29:16.604+0000] {taskinstance.py:1323} INFO - Marking task as SUCCESS. dag_id=Airflow_Lab2, task_id=task_using_linked_owner, execution_date=20240317T012913, start_date=20240317T012916, end_date=20240317T012916
[2024-03-17T01:29:16.640+0000] {local_task_job.py:208} INFO - Task exited with return code 0
[2024-03-17T01:29:16.715+0000] {taskinstance.py:2578} INFO - 1 downstream tasks scheduled from follow-on schedule check
