[2024-02-18T19:04:47.752+0000] {taskinstance.py:1083} INFO - Dependencies all met for <TaskInstance: your_python_dag.build_save_model_task manual__2024-02-18T19:04:40.823306+00:00 [queued]>
[2024-02-18T19:04:47.780+0000] {taskinstance.py:1083} INFO - Dependencies all met for <TaskInstance: your_python_dag.build_save_model_task manual__2024-02-18T19:04:40.823306+00:00 [queued]>
[2024-02-18T19:04:47.781+0000] {taskinstance.py:1279} INFO - 
--------------------------------------------------------------------------------
[2024-02-18T19:04:47.781+0000] {taskinstance.py:1280} INFO - Starting attempt 1 of 1
[2024-02-18T19:04:47.781+0000] {taskinstance.py:1281} INFO - 
--------------------------------------------------------------------------------
[2024-02-18T19:04:47.806+0000] {taskinstance.py:1300} INFO - Executing <Task(PythonOperator): build_save_model_task> on 2024-02-18 19:04:40.823306+00:00
[2024-02-18T19:04:47.886+0000] {standard_task_runner.py:55} INFO - Started process 609 to run task
[2024-02-18T19:04:47.897+0000] {standard_task_runner.py:82} INFO - Running: ['***', 'tasks', 'run', 'your_python_dag', 'build_save_model_task', 'manual__2024-02-18T19:04:40.823306+00:00', '--job-id', '5', '--raw', '--subdir', 'DAGS_FOLDER/***.py', '--cfg-path', '/tmp/tmp9178rie9']
[2024-02-18T19:04:47.899+0000] {standard_task_runner.py:83} INFO - Job 5: Subtask build_save_model_task
[2024-02-18T19:04:48.123+0000] {task_command.py:388} INFO - Running <TaskInstance: your_python_dag.build_save_model_task manual__2024-02-18T19:04:40.823306+00:00 [running]> on host 7aa3f36b0bb4
[2024-02-18T19:04:48.472+0000] {taskinstance.py:1509} INFO - Exporting the following env vars:
AIRFLOW_CTX_DAG_OWNER=your_name
AIRFLOW_CTX_DAG_ID=your_python_dag
AIRFLOW_CTX_TASK_ID=build_save_model_task
AIRFLOW_CTX_EXECUTION_DATE=2024-02-18T19:04:40.823306+00:00
AIRFLOW_CTX_TRY_NUMBER=1
AIRFLOW_CTX_DAG_RUN_ID=manual__2024-02-18T19:04:40.823306+00:00
[2024-02-18T19:05:47.294+0000] {python.py:177} INFO - Done. Returned value was: [250.32804209291442, 128.89457877623198, 91.64833975738131, 72.46921532440922, 59.86140695977857, 52.06204237509105, 46.71118654804304, 41.50326475167138, 36.928237093919705, 33.986075968719646, 31.158171667913745, 28.84548003205871, 26.874432296111305, 25.999512369945652, 24.185078072393786, 22.71395006172975, 21.640087323981106, 20.780304808225495, 19.976783465801404, 19.438669340270884, 19.06639931435458, 18.44685388460457, 17.947211161985983, 16.898807424877255, 16.963181977976248, 16.582840757316486, 15.83565154409153, 15.775551490572017, 15.38550731753323, 15.020243180409235, 14.882873240965253, 14.607686984302415, 14.306186090616883, 13.891614733454833, 13.805485778871223, 13.361866184299302, 13.367890857521072, 13.073601934790835, 12.981196891357627, 13.02857839810031, 12.867008418864003, 12.61729794404631, 12.382973425034518, 12.112634671228022, 11.836539142218315, 11.57738592066553, 11.128836068114506, 11.0628045451492, 11.15817494025209]
[2024-02-18T19:05:47.378+0000] {taskinstance.py:1323} INFO - Marking task as SUCCESS. dag_id=your_python_dag, task_id=build_save_model_task, execution_date=20240218T190440, start_date=20240218T190447, end_date=20240218T190547
[2024-02-18T19:05:47.440+0000] {local_task_job.py:208} INFO - Task exited with return code 0
[2024-02-18T19:05:47.489+0000] {taskinstance.py:2578} INFO - 1 downstream tasks scheduled from follow-on schedule check
