[2024-02-18T18:55:53.473+0000] {manager.py:483} INFO - Processing files using up to 2 processes at a time 
[2024-02-18T18:55:53.482+0000] {manager.py:484} INFO - Process each file at most once every 30 seconds
[2024-02-18T18:55:53.483+0000] {manager.py:486} INFO - Checking for new files in /opt/airflow/dags every 300 seconds
[2024-02-18T18:55:53.483+0000] {manager.py:726} INFO - Searching for files in /opt/airflow/dags
[2024-02-18T18:55:53.490+0000] {manager.py:729} INFO - There are 1 files in /opt/airflow/dags
[2024-02-18T18:55:53.610+0000] {manager.py:854} INFO - 
================================================================================
DAG File Processing Stats

File Path                       PID  Runtime      # DAGs    # Errors  Last Runtime    Last Run
----------------------------  -----  ---------  --------  ----------  --------------  ----------
/opt/airflow/dags/airflow.py     52  0.05s             0           0
================================================================================
[2024-02-18T18:56:23.863+0000] {manager.py:854} INFO - 
================================================================================
DAG File Processing Stats

File Path                     PID    Runtime      # DAGs    # Errors  Last Runtime    Last Run
----------------------------  -----  ---------  --------  ----------  --------------  -------------------
/opt/airflow/dags/airflow.py                           1           0  1.60s           2024-02-18T18:55:55
================================================================================
[2024-02-18T18:56:54.185+0000] {manager.py:854} INFO - 
================================================================================
DAG File Processing Stats

File Path                     PID    Runtime      # DAGs    # Errors  Last Runtime    Last Run
----------------------------  -----  ---------  --------  ----------  --------------  -------------------
/opt/airflow/dags/airflow.py                           1           0  0.97s           2024-02-18T18:56:26
================================================================================
[2024-02-18T18:57:25.065+0000] {manager.py:854} INFO - 
================================================================================
DAG File Processing Stats

File Path                     PID    Runtime      # DAGs    # Errors  Last Runtime    Last Run
----------------------------  -----  ---------  --------  ----------  --------------  -------------------
/opt/airflow/dags/airflow.py                           1           0  1.23s           2024-02-18T18:56:57
================================================================================
[2024-02-18T18:57:55.460+0000] {manager.py:854} INFO - 
================================================================================
DAG File Processing Stats

File Path                     PID    Runtime      # DAGs    # Errors  Last Runtime    Last Run
----------------------------  -----  ---------  --------  ----------  --------------  -------------------
/opt/airflow/dags/airflow.py                           1           0  1.28s           2024-02-18T18:57:29
================================================================================
[2024-02-18T18:58:25.880+0000] {manager.py:854} INFO - 
================================================================================
DAG File Processing Stats

File Path                     PID    Runtime      # DAGs    # Errors  Last Runtime    Last Run
----------------------------  -----  ---------  --------  ----------  --------------  -------------------
/opt/airflow/dags/airflow.py                           1           0  1.01s           2024-02-18T18:58:00
================================================================================
[2024-02-18T18:58:55.895+0000] {manager.py:854} INFO - 
================================================================================
DAG File Processing Stats

File Path                     PID    Runtime      # DAGs    # Errors  Last Runtime    Last Run
----------------------------  -----  ---------  --------  ----------  --------------  -------------------
/opt/airflow/dags/airflow.py                           1           0  0.71s           2024-02-18T18:58:31
================================================================================
[2024-02-18T18:59:26.492+0000] {manager.py:854} INFO - 
================================================================================
DAG File Processing Stats

File Path                     PID    Runtime      # DAGs    # Errors  Last Runtime    Last Run
----------------------------  -----  ---------  --------  ----------  --------------  -------------------
/opt/airflow/dags/airflow.py                           1           0  0.68s           2024-02-18T18:59:02
================================================================================
[2024-02-18T18:59:56.768+0000] {manager.py:854} INFO - 
================================================================================
DAG File Processing Stats

File Path                     PID    Runtime      # DAGs    # Errors  Last Runtime    Last Run
----------------------------  -----  ---------  --------  ----------  --------------  -------------------
/opt/airflow/dags/airflow.py                           1           0  0.81s           2024-02-18T18:59:33
================================================================================
[2024-02-18T19:00:26.777+0000] {manager.py:854} INFO - 
================================================================================
DAG File Processing Stats

File Path                     PID    Runtime      # DAGs    # Errors  Last Runtime    Last Run
----------------------------  -----  ---------  --------  ----------  --------------  -------------------
/opt/airflow/dags/airflow.py                           1           0  0.70s           2024-02-18T19:00:04
================================================================================
[2024-02-18T19:00:53.630+0000] {manager.py:726} INFO - Searching for files in /opt/airflow/dags
[2024-02-18T19:00:53.645+0000] {manager.py:729} INFO - There are 1 files in /opt/airflow/dags
[2024-02-18T19:00:56.999+0000] {manager.py:854} INFO - 
================================================================================
DAG File Processing Stats

File Path                     PID    Runtime      # DAGs    # Errors  Last Runtime    Last Run
----------------------------  -----  ---------  --------  ----------  --------------  -------------------
/opt/airflow/dags/airflow.py                           1           0  0.93s           2024-02-18T19:00:35
================================================================================
[2024-02-18T19:01:27.957+0000] {manager.py:854} INFO - 
================================================================================
DAG File Processing Stats

File Path                     PID    Runtime      # DAGs    # Errors  Last Runtime    Last Run
----------------------------  -----  ---------  --------  ----------  --------------  -------------------
/opt/airflow/dags/airflow.py                           1           0  1.78s           2024-02-18T19:01:07
================================================================================
[2024-02-18T19:01:58.067+0000] {manager.py:854} INFO - 
================================================================================
DAG File Processing Stats

File Path                     PID    Runtime      # DAGs    # Errors  Last Runtime    Last Run
----------------------------  -----  ---------  --------  ----------  --------------  -------------------
/opt/airflow/dags/airflow.py                           1           0  0.83s           2024-02-18T19:01:38
================================================================================
[2024-02-18T19:02:28.499+0000] {manager.py:854} INFO - 
================================================================================
DAG File Processing Stats

File Path                     PID    Runtime      # DAGs    # Errors  Last Runtime    Last Run
----------------------------  -----  ---------  --------  ----------  --------------  -------------------
/opt/airflow/dags/airflow.py                           1           0  1.05s           2024-02-18T19:02:10
================================================================================
[2024-02-18T19:02:58.837+0000] {manager.py:854} INFO - 
================================================================================
DAG File Processing Stats

File Path                     PID    Runtime      # DAGs    # Errors  Last Runtime    Last Run
----------------------------  -----  ---------  --------  ----------  --------------  -------------------
/opt/airflow/dags/airflow.py                           1           0  1.02s           2024-02-18T19:02:41
================================================================================
[2024-02-18T19:03:29.080+0000] {manager.py:854} INFO - 
================================================================================
DAG File Processing Stats

File Path                     PID    Runtime      # DAGs    # Errors  Last Runtime    Last Run
----------------------------  -----  ---------  --------  ----------  --------------  -------------------
/opt/airflow/dags/airflow.py                           1           0  0.88s           2024-02-18T19:03:12
================================================================================
[2024-02-18T19:03:59.087+0000] {manager.py:854} INFO - 
================================================================================
DAG File Processing Stats

File Path                     PID    Runtime      # DAGs    # Errors  Last Runtime    Last Run
----------------------------  -----  ---------  --------  ----------  --------------  -------------------
/opt/airflow/dags/airflow.py                           1           0  0.72s           2024-02-18T19:03:43
================================================================================
[2024-02-18T19:04:29.894+0000] {manager.py:854} INFO - 
================================================================================
DAG File Processing Stats

File Path                     PID    Runtime      # DAGs    # Errors  Last Runtime    Last Run
----------------------------  -----  ---------  --------  ----------  --------------  -------------------
/opt/airflow/dags/airflow.py                           1           0  0.70s           2024-02-18T19:04:14
================================================================================
[2024-02-18T19:05:00.480+0000] {manager.py:854} INFO - 
================================================================================
DAG File Processing Stats

File Path                     PID    Runtime      # DAGs    # Errors  Last Runtime    Last Run
----------------------------  -----  ---------  --------  ----------  --------------  -------------------
/opt/airflow/dags/airflow.py                           1           0  1.18s           2024-02-18T19:04:46
================================================================================
[2024-02-18T19:05:30.566+0000] {manager.py:854} INFO - 
================================================================================
DAG File Processing Stats

File Path                     PID    Runtime      # DAGs    # Errors  Last Runtime    Last Run
----------------------------  -----  ---------  --------  ----------  --------------  -------------------
/opt/airflow/dags/airflow.py                           1           0  2.04s           2024-02-18T19:05:19
================================================================================
[2024-02-18T19:05:53.656+0000] {manager.py:726} INFO - Searching for files in /opt/airflow/dags
[2024-02-18T19:05:53.667+0000] {manager.py:729} INFO - There are 1 files in /opt/airflow/dags
[2024-02-18T19:06:00.741+0000] {manager.py:854} INFO - 
================================================================================
DAG File Processing Stats

File Path                     PID    Runtime      # DAGs    # Errors  Last Runtime    Last Run
----------------------------  -----  ---------  --------  ----------  --------------  -------------------
/opt/airflow/dags/airflow.py                           1           0  0.96s           2024-02-18T19:05:50
================================================================================
[2024-02-18T19:06:30.997+0000] {manager.py:854} INFO - 
================================================================================
DAG File Processing Stats

File Path                     PID    Runtime      # DAGs    # Errors  Last Runtime    Last Run
----------------------------  -----  ---------  --------  ----------  --------------  -------------------
/opt/airflow/dags/airflow.py                           1           0  0.69s           2024-02-18T19:06:21
================================================================================
[2024-02-18T19:07:01.227+0000] {manager.py:854} INFO - 
================================================================================
DAG File Processing Stats

File Path                     PID    Runtime      # DAGs    # Errors  Last Runtime    Last Run
----------------------------  -----  ---------  --------  ----------  --------------  -------------------
/opt/airflow/dags/airflow.py                           1           0  0.68s           2024-02-18T19:06:52
================================================================================
[2024-02-18T19:07:31.585+0000] {manager.py:854} INFO - 
================================================================================
DAG File Processing Stats

File Path                     PID    Runtime      # DAGs    # Errors  Last Runtime    Last Run
----------------------------  -----  ---------  --------  ----------  --------------  -------------------
/opt/airflow/dags/airflow.py                           1           0  0.78s           2024-02-18T19:07:23
================================================================================
[2024-02-18T19:08:01.702+0000] {manager.py:854} INFO - 
================================================================================
DAG File Processing Stats

File Path                     PID    Runtime      # DAGs    # Errors  Last Runtime    Last Run
----------------------------  -----  ---------  --------  ----------  --------------  -------------------
/opt/airflow/dags/airflow.py                           1           0  0.78s           2024-02-18T19:07:54
================================================================================
[2024-02-18T19:08:31.728+0000] {manager.py:854} INFO - 
================================================================================
DAG File Processing Stats

File Path                     PID    Runtime      # DAGs    # Errors  Last Runtime    Last Run
----------------------------  -----  ---------  --------  ----------  --------------  -------------------
/opt/airflow/dags/airflow.py                           1           0  0.70s           2024-02-18T19:08:25
================================================================================
[2024-02-18T19:09:01.788+0000] {manager.py:854} INFO - 
================================================================================
DAG File Processing Stats

File Path                     PID    Runtime      # DAGs    # Errors  Last Runtime    Last Run
----------------------------  -----  ---------  --------  ----------  --------------  -------------------
/opt/airflow/dags/airflow.py                           1           0  0.79s           2024-02-18T19:08:56
================================================================================
[2024-02-18T19:09:32.017+0000] {manager.py:854} INFO - 
================================================================================
DAG File Processing Stats

File Path                     PID    Runtime      # DAGs    # Errors  Last Runtime    Last Run
----------------------------  -----  ---------  --------  ----------  --------------  -------------------
/opt/airflow/dags/airflow.py                           1           0  0.80s           2024-02-18T19:09:27
================================================================================
[2024-02-18T19:10:02.315+0000] {manager.py:854} INFO - 
================================================================================
DAG File Processing Stats

File Path                     PID    Runtime      # DAGs    # Errors  Last Runtime    Last Run
----------------------------  -----  ---------  --------  ----------  --------------  -------------------
/opt/airflow/dags/airflow.py                           1           0  0.77s           2024-02-18T19:09:58
================================================================================
[2024-02-18T19:10:32.393+0000] {manager.py:854} INFO - 
================================================================================
DAG File Processing Stats

File Path                     PID    Runtime      # DAGs    # Errors  Last Runtime    Last Run
----------------------------  -----  ---------  --------  ----------  --------------  -------------------
/opt/airflow/dags/airflow.py                           1           0  1.29s           2024-02-18T19:10:30
================================================================================
[2024-02-18T19:10:54.266+0000] {manager.py:726} INFO - Searching for files in /opt/airflow/dags
[2024-02-18T19:10:54.275+0000] {manager.py:729} INFO - There are 1 files in /opt/airflow/dags
[2024-02-18T19:11:02.706+0000] {manager.py:854} INFO - 
================================================================================
DAG File Processing Stats

File Path                     PID    Runtime      # DAGs    # Errors  Last Runtime    Last Run
----------------------------  -----  ---------  --------  ----------  --------------  -------------------
/opt/airflow/dags/airflow.py                           1           0  0.65s           2024-02-18T19:11:01
================================================================================
[2024-02-18T19:11:33.019+0000] {manager.py:854} INFO - 
================================================================================
DAG File Processing Stats

File Path                     PID    Runtime      # DAGs    # Errors  Last Runtime    Last Run
----------------------------  -----  ---------  --------  ----------  --------------  -------------------
/opt/airflow/dags/airflow.py                           1           0  0.74s           2024-02-18T19:11:32
================================================================================
[2024-02-18T19:12:03.300+0000] {manager.py:854} INFO - 
================================================================================
DAG File Processing Stats

File Path                       PID  Runtime      # DAGs    # Errors  Last Runtime    Last Run
----------------------------  -----  ---------  --------  ----------  --------------  -------------------
/opt/airflow/dags/airflow.py   1074  0.47s             1           0  0.74s           2024-02-18T19:11:32
================================================================================
[2024-02-18T19:12:33.575+0000] {manager.py:854} INFO - 
================================================================================
DAG File Processing Stats

File Path                     PID    Runtime      # DAGs    # Errors  Last Runtime    Last Run
----------------------------  -----  ---------  --------  ----------  --------------  -------------------
/opt/airflow/dags/airflow.py                           1           0  0.76s           2024-02-18T19:12:03
================================================================================
[2024-02-18T19:13:04.029+0000] {manager.py:854} INFO - 
================================================================================
DAG File Processing Stats

File Path                     PID    Runtime      # DAGs    # Errors  Last Runtime    Last Run
----------------------------  -----  ---------  --------  ----------  --------------  -------------------
/opt/airflow/dags/airflow.py                           1           0  0.74s           2024-02-18T19:12:34
================================================================================
[2024-02-18T19:13:34.121+0000] {manager.py:854} INFO - 
================================================================================
DAG File Processing Stats

File Path                     PID    Runtime      # DAGs    # Errors  Last Runtime    Last Run
----------------------------  -----  ---------  --------  ----------  --------------  -------------------
/opt/airflow/dags/airflow.py                           1           0  0.80s           2024-02-18T19:13:05
================================================================================
[2024-02-18T19:14:04.227+0000] {manager.py:854} INFO - 
================================================================================
DAG File Processing Stats

File Path                     PID    Runtime      # DAGs    # Errors  Last Runtime    Last Run
----------------------------  -----  ---------  --------  ----------  --------------  -------------------
/opt/airflow/dags/airflow.py                           1           0  0.82s           2024-02-18T19:13:36
================================================================================
[2024-02-18T19:14:34.583+0000] {manager.py:854} INFO - 
================================================================================
DAG File Processing Stats

File Path                     PID    Runtime      # DAGs    # Errors  Last Runtime    Last Run
----------------------------  -----  ---------  --------  ----------  --------------  -------------------
/opt/airflow/dags/airflow.py                           1           0  1.12s           2024-02-18T19:14:08
================================================================================
[2024-02-18T19:15:05.073+0000] {manager.py:854} INFO - 
================================================================================
DAG File Processing Stats

File Path                     PID    Runtime      # DAGs    # Errors  Last Runtime    Last Run
----------------------------  -----  ---------  --------  ----------  --------------  -------------------
/opt/airflow/dags/airflow.py                           1           0  1.39s           2024-02-18T19:14:40
================================================================================
[2024-02-18T19:15:35.210+0000] {manager.py:854} INFO - 
================================================================================
DAG File Processing Stats

File Path                     PID    Runtime      # DAGs    # Errors  Last Runtime    Last Run
----------------------------  -----  ---------  --------  ----------  --------------  -------------------
/opt/airflow/dags/airflow.py                           1           0  0.89s           2024-02-18T19:15:11
================================================================================
[2024-02-18T19:15:54.770+0000] {manager.py:726} INFO - Searching for files in /opt/airflow/dags
[2024-02-18T19:15:54.781+0000] {manager.py:729} INFO - There are 1 files in /opt/airflow/dags
[2024-02-18T19:16:05.919+0000] {manager.py:854} INFO - 
================================================================================
DAG File Processing Stats

File Path                     PID    Runtime      # DAGs    # Errors  Last Runtime    Last Run
----------------------------  -----  ---------  --------  ----------  --------------  -------------------
/opt/airflow/dags/airflow.py                           1           0  1.55s           2024-02-18T19:15:42
================================================================================
[2024-02-18T19:16:35.963+0000] {manager.py:854} INFO - 
================================================================================
DAG File Processing Stats

File Path                     PID    Runtime      # DAGs    # Errors  Last Runtime    Last Run
----------------------------  -----  ---------  --------  ----------  --------------  -------------------
/opt/airflow/dags/airflow.py                           1           0  0.70s           2024-02-18T19:16:13
================================================================================
[2024-02-18T19:17:06.561+0000] {manager.py:854} INFO - 
================================================================================
DAG File Processing Stats

File Path                     PID    Runtime      # DAGs    # Errors  Last Runtime    Last Run
----------------------------  -----  ---------  --------  ----------  --------------  -------------------
/opt/airflow/dags/airflow.py                           1           0  0.74s           2024-02-18T19:16:44
================================================================================
[2024-02-18T19:17:36.878+0000] {manager.py:854} INFO - 
================================================================================
DAG File Processing Stats

File Path                     PID    Runtime      # DAGs    # Errors  Last Runtime    Last Run
----------------------------  -----  ---------  --------  ----------  --------------  -------------------
/opt/airflow/dags/airflow.py                           1           0  0.73s           2024-02-18T19:17:15
================================================================================
[2024-02-18T19:18:07.216+0000] {manager.py:854} INFO - 
================================================================================
DAG File Processing Stats

File Path                     PID    Runtime      # DAGs    # Errors  Last Runtime    Last Run
----------------------------  -----  ---------  --------  ----------  --------------  -------------------
/opt/airflow/dags/airflow.py                           1           0  0.65s           2024-02-18T19:17:46
================================================================================
[2024-02-18T19:18:37.438+0000] {manager.py:854} INFO - 
================================================================================
DAG File Processing Stats

File Path                     PID    Runtime      # DAGs    # Errors  Last Runtime    Last Run
----------------------------  -----  ---------  --------  ----------  --------------  -------------------
/opt/airflow/dags/airflow.py                           1           0  0.67s           2024-02-18T19:18:17
================================================================================
[2024-02-18T19:19:07.753+0000] {manager.py:854} INFO - 
================================================================================
DAG File Processing Stats

File Path                     PID    Runtime      # DAGs    # Errors  Last Runtime    Last Run
----------------------------  -----  ---------  --------  ----------  --------------  -------------------
/opt/airflow/dags/airflow.py                           1           0  0.79s           2024-02-18T19:18:48
================================================================================
[2024-02-18T19:19:37.853+0000] {manager.py:854} INFO - 
================================================================================
DAG File Processing Stats

File Path                     PID    Runtime      # DAGs    # Errors  Last Runtime    Last Run
----------------------------  -----  ---------  --------  ----------  --------------  -------------------
/opt/airflow/dags/airflow.py                           1           0  0.82s           2024-02-18T19:19:19
================================================================================
[2024-02-18T19:20:07.899+0000] {manager.py:854} INFO - 
================================================================================
DAG File Processing Stats

File Path                     PID    Runtime      # DAGs    # Errors  Last Runtime    Last Run
----------------------------  -----  ---------  --------  ----------  --------------  -------------------
/opt/airflow/dags/airflow.py                           1           0  0.78s           2024-02-18T19:19:50
================================================================================
[2024-02-18T19:20:37.945+0000] {manager.py:854} INFO - 
================================================================================
DAG File Processing Stats

File Path                     PID    Runtime      # DAGs    # Errors  Last Runtime    Last Run
----------------------------  -----  ---------  --------  ----------  --------------  -------------------
/opt/airflow/dags/airflow.py                           1           0  0.81s           2024-02-18T19:20:21
================================================================================
[2024-02-18T19:20:54.755+0000] {manager.py:465} INFO - Exiting gracefully upon receiving signal 15
