[2024-03-17T00:25:16.658+0000] {taskinstance.py:1083} INFO - Dependencies all met for <TaskInstance: Airflow_Lab2_Flask.start_Flask_API manual__2024-03-17T00:25:16.023619+00:00 [queued]>
[2024-03-17T00:25:16.663+0000] {taskinstance.py:1083} INFO - Dependencies all met for <TaskInstance: Airflow_Lab2_Flask.start_Flask_API manual__2024-03-17T00:25:16.023619+00:00 [queued]>
[2024-03-17T00:25:16.663+0000] {taskinstance.py:1279} INFO - 
--------------------------------------------------------------------------------
[2024-03-17T00:25:16.663+0000] {taskinstance.py:1280} INFO - Starting attempt 1 of 1
[2024-03-17T00:25:16.663+0000] {taskinstance.py:1281} INFO - 
--------------------------------------------------------------------------------
[2024-03-17T00:25:16.670+0000] {taskinstance.py:1300} INFO - Executing <Task(PythonOperator): start_Flask_API> on 2024-03-17 00:25:16.023619+00:00
[2024-03-17T00:25:16.673+0000] {standard_task_runner.py:55} INFO - Started process 1153 to run task
[2024-03-17T00:25:16.675+0000] {standard_task_runner.py:82} INFO - Running: ['***', 'tasks', 'run', 'Airflow_Lab2_Flask', 'start_Flask_API', 'manual__2024-03-17T00:25:16.023619+00:00', '--job-id', '18', '--raw', '--subdir', 'DAGS_FOLDER/Flask_API.py', '--cfg-path', '/tmp/tmpoo4w95gp']
[2024-03-17T00:25:16.675+0000] {standard_task_runner.py:83} INFO - Job 18: Subtask start_Flask_API
[2024-03-17T00:25:16.705+0000] {task_command.py:388} INFO - Running <TaskInstance: Airflow_Lab2_Flask.start_Flask_API manual__2024-03-17T00:25:16.023619+00:00 [running]> on host d8b0252a8521
[2024-03-17T00:25:16.745+0000] {taskinstance.py:1509} INFO - Exporting the following env vars:
AIRFLOW_CTX_DAG_OWNER=***
AIRFLOW_CTX_DAG_ID=Airflow_Lab2_Flask
AIRFLOW_CTX_TASK_ID=start_Flask_API
AIRFLOW_CTX_EXECUTION_DATE=2024-03-17T00:25:16.023619+00:00
AIRFLOW_CTX_TRY_NUMBER=1
AIRFLOW_CTX_DAG_RUN_ID=manual__2024-03-17T00:25:16.023619+00:00
[2024-03-17T00:25:16.749+0000] {logging_mixin.py:137} INFO -  * Serving Flask app 'unusual_prefix_fb1fa9258fa1ad786b4829a3672e98fa2e7542a0_Flask_API'
[2024-03-17T00:25:16.749+0000] {logging_mixin.py:137} INFO -  * Debug mode: off
[2024-03-17T00:25:16.750+0000] {logging_mixin.py:137} WARNING - Address already in use
[2024-03-17T00:25:16.750+0000] {logging_mixin.py:137} WARNING - Port 5001 is in use by another program. Either identify and stop that program, or start the server with a different port.
[2024-03-17T00:25:16.772+0000] {local_task_job.py:208} INFO - Task exited with return code 1
[2024-03-17T00:25:16.781+0000] {taskinstance.py:2578} INFO - 0 downstream tasks scheduled from follow-on schedule check
