[2024-03-17T01:22:05.848+0000] {taskinstance.py:1083} INFO - Dependencies all met for <TaskInstance: Airflow_Lab2.task_using_linked_owner manual__2024-03-17T01:22:02.569758+00:00 [queued]>
[2024-03-17T01:22:05.854+0000] {taskinstance.py:1083} INFO - Dependencies all met for <TaskInstance: Airflow_Lab2.task_using_linked_owner manual__2024-03-17T01:22:02.569758+00:00 [queued]>
[2024-03-17T01:22:05.854+0000] {taskinstance.py:1279} INFO - 
--------------------------------------------------------------------------------
[2024-03-17T01:22:05.855+0000] {taskinstance.py:1280} INFO - Starting attempt 1 of 1
[2024-03-17T01:22:05.855+0000] {taskinstance.py:1281} INFO - 
--------------------------------------------------------------------------------
[2024-03-17T01:22:05.864+0000] {taskinstance.py:1300} INFO - Executing <Task(BashOperator): task_using_linked_owner> on 2024-03-17 01:22:02.569758+00:00
[2024-03-17T01:22:05.869+0000] {standard_task_runner.py:55} INFO - Started process 1526 to run task
[2024-03-17T01:22:05.871+0000] {standard_task_runner.py:82} INFO - Running: ['***', 'tasks', 'run', 'Airflow_Lab2', 'task_using_linked_owner', 'manual__2024-03-17T01:22:02.569758+00:00', '--job-id', '49', '--raw', '--subdir', 'DAGS_FOLDER/main.py', '--cfg-path', '/tmp/tmpnni3ruzh']
[2024-03-17T01:22:05.872+0000] {standard_task_runner.py:83} INFO - Job 49: Subtask task_using_linked_owner
[2024-03-17T01:22:05.912+0000] {task_command.py:388} INFO - Running <TaskInstance: Airflow_Lab2.task_using_linked_owner manual__2024-03-17T01:22:02.569758+00:00 [running]> on host 3dffa19c86ca
[2024-03-17T01:22:05.964+0000] {taskinstance.py:1509} INFO - Exporting the following env vars:
AIRFLOW_CTX_DAG_OWNER=Vishesh Gupta
AIRFLOW_CTX_DAG_ID=Airflow_Lab2
AIRFLOW_CTX_TASK_ID=task_using_linked_owner
AIRFLOW_CTX_EXECUTION_DATE=2024-03-17T01:22:02.569758+00:00
AIRFLOW_CTX_TRY_NUMBER=1
AIRFLOW_CTX_DAG_RUN_ID=manual__2024-03-17T01:22:02.569758+00:00
[2024-03-17T01:22:05.965+0000] {subprocess.py:63} INFO - Tmp dir root location: 
 /tmp
[2024-03-17T01:22:05.967+0000] {subprocess.py:75} INFO - Running command: ['/bin/bash', '-c', 'echo 1']
[2024-03-17T01:22:06.012+0000] {subprocess.py:86} INFO - Output:
[2024-03-17T01:22:06.022+0000] {subprocess.py:93} INFO - 1
[2024-03-17T01:22:06.023+0000] {subprocess.py:97} INFO - Command exited with return code 0
[2024-03-17T01:22:06.047+0000] {taskinstance.py:1323} INFO - Marking task as SUCCESS. dag_id=Airflow_Lab2, task_id=task_using_linked_owner, execution_date=20240317T012202, start_date=20240317T012205, end_date=20240317T012206
[2024-03-17T01:22:06.091+0000] {local_task_job.py:208} INFO - Task exited with return code 0
[2024-03-17T01:22:06.114+0000] {taskinstance.py:2578} INFO - 1 downstream tasks scheduled from follow-on schedule check
