[2024-03-17T01:29:25.356+0000] {taskinstance.py:1083} INFO - Dependencies all met for <TaskInstance: Airflow_Lab2.load_model_task manual__2024-03-17T01:29:13.341956+00:00 [queued]>
[2024-03-17T01:29:25.362+0000] {taskinstance.py:1083} INFO - Dependencies all met for <TaskInstance: Airflow_Lab2.load_model_task manual__2024-03-17T01:29:13.341956+00:00 [queued]>
[2024-03-17T01:29:25.362+0000] {taskinstance.py:1279} INFO - 
--------------------------------------------------------------------------------
[2024-03-17T01:29:25.362+0000] {taskinstance.py:1280} INFO - Starting attempt 1 of 1
[2024-03-17T01:29:25.362+0000] {taskinstance.py:1281} INFO - 
--------------------------------------------------------------------------------
[2024-03-17T01:29:25.370+0000] {taskinstance.py:1300} INFO - Executing <Task(PythonOperator): load_model_task> on 2024-03-17 01:29:13.341956+00:00
[2024-03-17T01:29:25.376+0000] {standard_task_runner.py:55} INFO - Started process 2019 to run task
[2024-03-17T01:29:25.378+0000] {standard_task_runner.py:82} INFO - Running: ['***', 'tasks', 'run', 'Airflow_Lab2', 'load_model_task', 'manual__2024-03-17T01:29:13.341956+00:00', '--job-id', '63', '--raw', '--subdir', 'DAGS_FOLDER/main.py', '--cfg-path', '/tmp/tmpvu6nuzkk']
[2024-03-17T01:29:25.380+0000] {standard_task_runner.py:83} INFO - Job 63: Subtask load_model_task
[2024-03-17T01:29:25.415+0000] {task_command.py:388} INFO - Running <TaskInstance: Airflow_Lab2.load_model_task manual__2024-03-17T01:29:13.341956+00:00 [running]> on host 3dffa19c86ca
[2024-03-17T01:29:25.464+0000] {taskinstance.py:1509} INFO - Exporting the following env vars:
AIRFLOW_CTX_DAG_OWNER=***
AIRFLOW_CTX_DAG_ID=Airflow_Lab2
AIRFLOW_CTX_TASK_ID=load_model_task
AIRFLOW_CTX_EXECUTION_DATE=2024-03-17T01:29:13.341956+00:00
AIRFLOW_CTX_TRY_NUMBER=1
AIRFLOW_CTX_DAG_RUN_ID=manual__2024-03-17T01:29:13.341956+00:00
[2024-03-17T01:29:25.466+0000] {logging_mixin.py:137} INFO - Model score on test data: 0.97
[2024-03-17T01:29:25.466+0000] {python.py:177} INFO - Done. Returned value was: 1
[2024-03-17T01:29:25.478+0000] {taskinstance.py:1323} INFO - Marking task as SUCCESS. dag_id=Airflow_Lab2, task_id=load_model_task, execution_date=20240317T012913, start_date=20240317T012925, end_date=20240317T012925
[2024-03-17T01:29:25.520+0000] {local_task_job.py:208} INFO - Task exited with return code 0
[2024-03-17T01:29:25.538+0000] {taskinstance.py:2578} INFO - 1 downstream tasks scheduled from follow-on schedule check
