[2024-03-17T00:27:37.195+0000] {taskinstance.py:1083} INFO - Dependencies all met for <TaskInstance: Airflow_Lab2.my_trigger_task manual__2024-03-17T00:27:28.469619+00:00 [queued]>
[2024-03-17T00:27:37.202+0000] {taskinstance.py:1083} INFO - Dependencies all met for <TaskInstance: Airflow_Lab2.my_trigger_task manual__2024-03-17T00:27:28.469619+00:00 [queued]>
[2024-03-17T00:27:37.203+0000] {taskinstance.py:1279} INFO - 
--------------------------------------------------------------------------------
[2024-03-17T00:27:37.203+0000] {taskinstance.py:1280} INFO - Starting attempt 1 of 1
[2024-03-17T00:27:37.203+0000] {taskinstance.py:1281} INFO - 
--------------------------------------------------------------------------------
[2024-03-17T00:27:37.212+0000] {taskinstance.py:1300} INFO - Executing <Task(TriggerDagRunOperator): my_trigger_task> on 2024-03-17 00:27:28.469619+00:00
[2024-03-17T00:27:37.219+0000] {standard_task_runner.py:55} INFO - Started process 1314 to run task
[2024-03-17T00:27:37.237+0000] {standard_task_runner.py:82} INFO - Running: ['***', 'tasks', 'run', 'Airflow_Lab2', 'my_trigger_task', 'manual__2024-03-17T00:27:28.469619+00:00', '--job-id', '24', '--raw', '--subdir', 'DAGS_FOLDER/main.py', '--cfg-path', '/tmp/tmp5n637qll']
[2024-03-17T00:27:37.248+0000] {standard_task_runner.py:83} INFO - Job 24: Subtask my_trigger_task
[2024-03-17T00:27:37.453+0000] {task_command.py:388} INFO - Running <TaskInstance: Airflow_Lab2.my_trigger_task manual__2024-03-17T00:27:28.469619+00:00 [running]> on host d8b0252a8521
[2024-03-17T00:27:37.579+0000] {taskinstance.py:1509} INFO - Exporting the following env vars:
AIRFLOW_CTX_DAG_OWNER=***
AIRFLOW_CTX_DAG_ID=Airflow_Lab2
AIRFLOW_CTX_TASK_ID=my_trigger_task
AIRFLOW_CTX_EXECUTION_DATE=2024-03-17T00:27:28.469619+00:00
AIRFLOW_CTX_TRY_NUMBER=1
AIRFLOW_CTX_DAG_RUN_ID=manual__2024-03-17T00:27:28.469619+00:00
[2024-03-17T00:27:37.648+0000] {taskinstance.py:1323} INFO - Marking task as SUCCESS. dag_id=Airflow_Lab2, task_id=my_trigger_task, execution_date=20240317T002728, start_date=20240317T002737, end_date=20240317T002737
[2024-03-17T00:27:37.665+0000] {local_task_job.py:208} INFO - Task exited with return code 0
[2024-03-17T00:27:37.686+0000] {taskinstance.py:2578} INFO - 0 downstream tasks scheduled from follow-on schedule check
