[2024-03-17T01:22:15.182+0000] {taskinstance.py:1083} INFO - Dependencies all met for <TaskInstance: Airflow_Lab2.build_save_model_task manual__2024-03-17T01:22:02.569758+00:00 [queued]>
[2024-03-17T01:22:15.188+0000] {taskinstance.py:1083} INFO - Dependencies all met for <TaskInstance: Airflow_Lab2.build_save_model_task manual__2024-03-17T01:22:02.569758+00:00 [queued]>
[2024-03-17T01:22:15.188+0000] {taskinstance.py:1279} INFO - 
--------------------------------------------------------------------------------
[2024-03-17T01:22:15.188+0000] {taskinstance.py:1280} INFO - Starting attempt 1 of 1
[2024-03-17T01:22:15.188+0000] {taskinstance.py:1281} INFO - 
--------------------------------------------------------------------------------
[2024-03-17T01:22:15.195+0000] {taskinstance.py:1300} INFO - Executing <Task(PythonOperator): build_save_model_task> on 2024-03-17 01:22:02.569758+00:00
[2024-03-17T01:22:15.199+0000] {standard_task_runner.py:55} INFO - Started process 1550 to run task
[2024-03-17T01:22:15.201+0000] {standard_task_runner.py:82} INFO - Running: ['***', 'tasks', 'run', 'Airflow_Lab2', 'build_save_model_task', 'manual__2024-03-17T01:22:02.569758+00:00', '--job-id', '53', '--raw', '--subdir', 'DAGS_FOLDER/main.py', '--cfg-path', '/tmp/tmpa1lymsmv']
[2024-03-17T01:22:15.202+0000] {standard_task_runner.py:83} INFO - Job 53: Subtask build_save_model_task
[2024-03-17T01:22:15.237+0000] {task_command.py:388} INFO - Running <TaskInstance: Airflow_Lab2.build_save_model_task manual__2024-03-17T01:22:02.569758+00:00 [running]> on host 3dffa19c86ca
[2024-03-17T01:22:15.297+0000] {taskinstance.py:1509} INFO - Exporting the following env vars:
AIRFLOW_CTX_DAG_OWNER=***
AIRFLOW_CTX_DAG_ID=Airflow_Lab2
AIRFLOW_CTX_TASK_ID=build_save_model_task
AIRFLOW_CTX_EXECUTION_DATE=2024-03-17T01:22:02.569758+00:00
AIRFLOW_CTX_TRY_NUMBER=1
AIRFLOW_CTX_DAG_RUN_ID=manual__2024-03-17T01:22:02.569758+00:00
[2024-03-17T01:22:15.305+0000] {python.py:177} INFO - Done. Returned value was: None
[2024-03-17T01:22:15.310+0000] {taskinstance.py:1323} INFO - Marking task as SUCCESS. dag_id=Airflow_Lab2, task_id=build_save_model_task, execution_date=20240317T012202, start_date=20240317T012215, end_date=20240317T012215
[2024-03-17T01:22:15.338+0000] {local_task_job.py:208} INFO - Task exited with return code 0
[2024-03-17T01:22:15.358+0000] {taskinstance.py:2578} INFO - 1 downstream tasks scheduled from follow-on schedule check
